# JRE version: Java(TM) SE Runtime Environment (17.0.8+9) (build 17.0.8+9-LTS-211)
# Java VM: Java HotSpot(TM) 64-Bit Server VM (17.0.8+9-LTS-211, mixed mode, sharing, tiered, compressed oops, compressed class ptrs, g1 gc, windows-amd64)
GC Precious Log:
 CPUs: 16 total, 16 available
 Memory: 32694M
 Large Page Support: Disabled
 NUMA Support: Disabled
 Compressed Oops: Enabled (Zero based)
 Heap Region Size: 4M
 Heap Min Capacity: 8M
 Heap Initial Capacity: 512M
 Heap Max Capacity: 8176M
 Pre-touch: Disabled
 Parallel Workers: 13
 Concurrent Workers: 3
 Concurrent Refinement Workers: 13
 Periodic GC: Disabled
Heap:
 garbage-first heap   total 2097152K, used 997372K [0x0000000601000000, 0x0000000800000000)
  region size 4096K, 19 young (77824K), 4 survivors (16384K)
 Metaspace       used 11936K, committed 12160K, reserved 1114112K
  class space    used 1149K, committed 1280K, reserved 1048576K
GC Heap History (20 events):
Event: 0.769 GC heap before
{Heap before GC invocations=1 (full 0):
 garbage-first heap   total 524288K, used 86717K [0x0000000601000000, 0x0000000800000000)
  region size 4096K, 6 young (24576K), 1 survivors (4096K)
 Metaspace       used 7001K, committed 7232K, reserved 1114112K
  class space    used 638K, committed 768K, reserved 1048576K
}
Event: 0.789 GC heap after
{Heap after GC invocations=2 (full 0):
 garbage-first heap   total 524288K, used 87743K [0x0000000601000000, 0x0000000800000000)
  region size 4096K, 1 young (4096K), 1 survivors (4096K)
 Metaspace       used 7001K, committed 7232K, reserved 1114112K
  class space    used 638K, committed 768K, reserved 1048576K
}
Event: 0.858 GC heap before
{Heap before GC invocations=2 (full 0):
 garbage-first heap   total 524288K, used 132799K [0x0000000601000000, 0x0000000800000000)
  region size 4096K, 6 young (24576K), 1 survivors (4096K)
 Metaspace       used 7001K, committed 7232K, reserved 1114112K
  class space    used 638K, committed 768K, reserved 1048576K
}
Event: 0.869 GC heap after
{Heap after GC invocations=3 (full 0):
 garbage-first heap   total 524288K, used 134571K [0x0000000601000000, 0x0000000800000000)
  region size 4096K, 1 young (4096K), 1 survivors (4096K)
 Metaspace       used 7001K, committed 7232K, reserved 1114112K
  class space    used 638K, committed 768K, reserved 1048576K
}
Event: 0.928 GC heap before
{Heap before GC invocations=3 (full 0):
 garbage-first heap   total 524288K, used 155051K [0x0000000601000000, 0x0000000800000000)
  region size 4096K, 6 young (24576K), 1 survivors (4096K)
 Metaspace       used 7001K, committed 7232K, reserved 1114112K
  class space    used 638K, committed 768K, reserved 1048576K
}
Event: 0.935 GC heap after
{Heap after GC invocations=4 (full 0):
 garbage-first heap   total 524288K, used 156304K [0x0000000601000000, 0x0000000800000000)
  region size 4096K, 1 young (4096K), 1 survivors (4096K)
 Metaspace       used 7001K, committed 7232K, reserved 1114112K
  class space    used 638K, committed 768K, reserved 1048576K
}
Event: 1.006 GC heap before
{Heap before GC invocations=4 (full 0):
 garbage-first heap   total 524288K, used 213648K [0x0000000601000000, 0x0000000800000000)
  region size 4096K, 6 young (24576K), 1 survivors (4096K)
 Metaspace       used 7001K, committed 7232K, reserved 1114112K
  class space    used 638K, committed 768K, reserved 1048576K
}
Event: 1.016 GC heap after
{Heap after GC invocations=5 (full 0):
 garbage-first heap   total 1048576K, used 215355K [0x0000000601000000, 0x0000000800000000)
  region size 4096K, 1 young (4096K), 1 survivors (4096K)
 Metaspace       used 7001K, committed 7232K, reserved 1114112K
  class space    used 638K, committed 768K, reserved 1048576K
}
Event: 1.178 GC heap before
{Heap before GC invocations=5 (full 0):
 garbage-first heap   total 1048576K, used 317755K [0x0000000601000000, 0x0000000800000000)
  region size 4096K, 12 young (49152K), 1 survivors (4096K)
 Metaspace       used 7002K, committed 7232K, reserved 1114112K
  class space    used 638K, committed 768K, reserved 1048576K
}
Event: 1.197 GC heap after
{Heap after GC invocations=6 (full 0):
 garbage-first heap   total 1048576K, used 319802K [0x0000000601000000, 0x0000000800000000)
  region size 4096K, 2 young (8192K), 2 survivors (8192K)
 Metaspace       used 7002K, committed 7232K, reserved 1114112K
  class space    used 638K, committed 768K, reserved 1048576K
}
Event: 1.311 GC heap before
{Heap before GC invocations=6 (full 0):
 garbage-first heap   total 1048576K, used 360762K [0x0000000601000000, 0x0000000800000000)
  region size 4096K, 12 young (49152K), 2 survivors (8192K)
 Metaspace       used 7002K, committed 7232K, reserved 1114112K
  class space    used 638K, committed 768K, reserved 1048576K
}
Event: 1.323 GC heap after
{Heap after GC invocations=7 (full 0):
 garbage-first heap   total 1048576K, used 364303K [0x0000000601000000, 0x0000000800000000)
  region size 4096K, 2 young (8192K), 2 survivors (8192K)
 Metaspace       used 7002K, committed 7232K, reserved 1114112K
  class space    used 638K, committed 768K, reserved 1048576K
}
Event: 1.474 GC heap before
{Heap before GC invocations=7 (full 0):
 garbage-first heap   total 1048576K, used 487183K [0x0000000601000000, 0x0000000800000000)
  region size 4096K, 12 young (49152K), 2 survivors (8192K)
 Metaspace       used 7008K, committed 7232K, reserved 1114112K
  class space    used 639K, committed 768K, reserved 1048576K
}
Event: 1.487 GC heap after
{Heap after GC invocations=8 (full 0):
 garbage-first heap   total 1048576K, used 489254K [0x0000000601000000, 0x0000000800000000)
  region size 4096K, 2 young (8192K), 2 survivors (8192K)
 Metaspace       used 7008K, committed 7232K, reserved 1114112K
  class space    used 639K, committed 768K, reserved 1048576K
}
Event: 1.577 GC heap before
{Heap before GC invocations=8 (full 0):
 garbage-first heap   total 1048576K, used 497446K [0x0000000601000000, 0x0000000800000000)
  region size 4096K, 6 young (24576K), 2 survivors (8192K)
 Metaspace       used 7011K, committed 7232K, reserved 1114112K
  class space    used 639K, committed 768K, reserved 1048576K
}
Event: 1.584 GC heap after
{Heap after GC invocations=9 (full 0):
 garbage-first heap   total 2097152K, used 505927K [0x0000000601000000, 0x0000000800000000)
  region size 4096K, 3 young (12288K), 3 survivors (12288K)
 Metaspace       used 7011K, committed 7232K, reserved 1114112K
  class space    used 639K, committed 768K, reserved 1048576K
}
Event: 1.918 GC heap before
{Heap before GC invocations=9 (full 0):
 garbage-first heap   total 2097152K, used 710727K [0x0000000601000000, 0x0000000800000000)
  region size 4096K, 25 young (102400K), 3 survivors (12288K)
 Metaspace       used 7011K, committed 7232K, reserved 1114112K
  class space    used 639K, committed 768K, reserved 1048576K
}
Event: 1.989 GC heap after
{Heap after GC invocations=10 (full 0):
 garbage-first heap   total 2097152K, used 709850K [0x0000000601000000, 0x0000000800000000)
  region size 4096K, 4 young (16384K), 4 survivors (16384K)
 Metaspace       used 7011K, committed 7232K, reserved 1114112K
  class space    used 639K, committed 768K, reserved 1048576K
}
Event: 2.260 GC heap before
{Heap before GC invocations=10 (full 0):
 garbage-first heap   total 2097152K, used 853210K [0x0000000601000000, 0x0000000800000000)
  region size 4096K, 25 young (102400K), 4 survivors (16384K)
 Metaspace       used 7011K, committed 7232K, reserved 1114112K
  class space    used 639K, committed 768K, reserved 1048576K
}
Event: 2.300 GC heap after
{Heap after GC invocations=11 (full 0):
 garbage-first heap   total 2097152K, used 858108K [0x0000000601000000, 0x0000000800000000)
  region size 4096K, 4 young (16384K), 4 survivors (16384K)
 Metaspace       used 7011K, committed 7232K, reserved 1114112K
  class space    used 639K, committed 768K, reserved 1048576K
}

